
> @naveeg/dashboard@1.0.0 build
> next build

[1G[0K  [1m[38;2;173;127;168m▲ Next.js 14.2.32[39m[22m

 [37m[1m [22m[39m Creating an optimized production build ...
 [32m[1m✓[22m[39m Compiled successfully
[?25l [37m[1m [22m[39m Linting and checking validity of types  [36m.[39m[2K[1G [37m[1m [22m[39m Linting and checking validity of types  [36m..[39m[2K[1G [37m[1m [22m[39m Linting and checking validity of types  [36m...[39m[2K[1G [37m[1m [22m[39m Linting and checking validity of types  [36m.[39m[2K[1G [37m[1m [22m[39m Linting and checking validity of types  [36m..[39m[2K[1G [37m[1m [22m[39m Linting and checking validity of types  [36m...[39m[2K[1G [37m[1m [22m[39m Linting and checking validity of types  [36m.[39m[2K[1G [37m[1m [22m[39m Linting and checking validity of types  [36m..[39m[2K[1G [37m[1m [22m[39m Linting and checking validity of types  [36m...[39m[2K[1G [37m[1m [22m[39m Linting and checking validity of types  [36m.[39m[2K[1G [37m[1m [22m[39m Linting and checking validity of types  [36m..[39m[2K[1G [37m[1m [22m[39m Linting and checking validity of types  [36m...[39m[2K[1G [37m[1m [22m[39m Linting and checking validity of types  [36m.[39m[2K[1G [37m[1m [22m[39m Linting and checking validity of types  [36m..[39m[2K[1G [37m[1m [22m[39m Linting and checking validity of types  [36m...[39m[2K[1G [37m[1m [22m[39m Linting and checking validity of types  [36m.[39m[2K[1G [37m[1m [22m[39m Linting and checking validity of types  [36m..[39m[2K[1G[?25h [37m[1m [22m[39m Linting and checking validity of types     [32m[1m✓[22m[39m Linting and checking validity of types 
[?25l [37m[1m [22m[39m Collecting page data  [36m.[39m[2K[1G [37m[1m [22m[39m Collecting page data  [36m..[39m[2K[1G [37m[1m [22m[39m Collecting page data  [36m...[39m[2K[1G[?25h [37m[1m [22m[39m Collecting page data     [32m[1m✓[22m[39m Collecting page data 
[?25l [37m[1m [22m[39m Generating static pages (0/22)  [36m[    ][39mError: Missing Supabase environment variables
    at S (/Users/jonathanbunel/DMS/apps/dashboard/.next/server/chunks/395.js:1:11803)
    at new <anonymous> (/Users/jonathanbunel/DMS/apps/dashboard/.next/server/chunks/395.js:1:12229)
    at 3304 (/Users/jonathanbunel/DMS/apps/dashboard/.next/server/chunks/395.js:1:12191)
    at t (/Users/jonathanbunel/DMS/apps/dashboard/.next/server/webpack-runtime.js:1:128)
    at 7520 (/Users/jonathanbunel/DMS/apps/dashboard/.next/server/app/dashboard/analytics/page.js:1:2737)
    at Object.t [as require] (/Users/jonathanbunel/DMS/apps/dashboard/.next/server/webpack-runtime.js:1:128)
    at require (/Users/jonathanbunel/DMS/node_modules/next/dist/compiled/next-server/app-page.runtime.prod.js:16:18839)
    at i (/Users/jonathanbunel/DMS/node_modules/next/dist/compiled/next-server/app-page.runtime.prod.js:12:88296)
    at /Users/jonathanbunel/DMS/node_modules/next/dist/compiled/next-server/app-page.runtime.prod.js:12:98819
    at /Users/jonathanbunel/DMS/node_modules/next/dist/compiled/next-server/app-page.runtime.prod.js:12:98906 {
  digest: '1223304507'
}
Error: Missing Supabase environment variables
    at S (/Users/jonathanbunel/DMS/apps/dashboard/.next/server/chunks/395.js:1:11803)
    at new <anonymous> (/Users/jonathanbunel/DMS/apps/dashboard/.next/server/chunks/395.js:1:12229)
    at 3304 (/Users/jonathanbunel/DMS/apps/dashboard/.next/server/chunks/395.js:1:12191)
    at t (/Users/jonathanbunel/DMS/apps/dashboard/.next/server/webpack-runtime.js:1:128)
    at 6658 (/Users/jonathanbunel/DMS/apps/dashboard/.next/server/app/page.js:1:2460)
    at Object.t [as require] (/Users/jonathanbunel/DMS/apps/dashboard/.next/server/webpack-runtime.js:1:128)
    at require (/Users/jonathanbunel/DMS/node_modules/next/dist/compiled/next-server/app-page.runtime.prod.js:16:18839)
    at i (/Users/jonathanbunel/DMS/node_modules/next/dist/compiled/next-server/app-page.runtime.prod.js:12:88296)
    at /Users/jonathanbunel/DMS/node_modules/next/dist/compiled/next-server/app-page.runtime.prod.js:12:98819
    at /Users/jonathanbunel/DMS/node_modules/next/dist/compiled/next-server/app-page.runtime.prod.js:12:98906 {
  digest: '1145285189'
}

Error occurred prerendering page "/". Read more: https://nextjs.org/docs/messages/prerender-error

Error: Missing Supabase environment variables
    at S (/Users/jonathanbunel/DMS/apps/dashboard/.next/server/chunks/395.js:1:11803)
    at new <anonymous> (/Users/jonathanbunel/DMS/apps/dashboard/.next/server/chunks/395.js:1:12229)
    at 3304 (/Users/jonathanbunel/DMS/apps/dashboard/.next/server/chunks/395.js:1:12191)
    at t (/Users/jonathanbunel/DMS/apps/dashboard/.next/server/webpack-runtime.js:1:128)
    at 6658 (/Users/jonathanbunel/DMS/apps/dashboard/.next/server/app/page.js:1:2460)
    at Object.t [as require] (/Users/jonathanbunel/DMS/apps/dashboard/.next/server/webpack-runtime.js:1:128)
    at require (/Users/jonathanbunel/DMS/node_modules/next/dist/compiled/next-server/app-page.runtime.prod.js:16:18839)
    at i (/Users/jonathanbunel/DMS/node_modules/next/dist/compiled/next-server/app-page.runtime.prod.js:12:88296)
    at /Users/jonathanbunel/DMS/node_modules/next/dist/compiled/next-server/app-page.runtime.prod.js:12:98819
    at /Users/jonathanbunel/DMS/node_modules/next/dist/compiled/next-server/app-page.runtime.prod.js:12:98906

Error occurred prerendering page "/dashboard/analytics". Read more: https://nextjs.org/docs/messages/prerender-error

Error: Missing Supabase environment variables
    at S (/Users/jonathanbunel/DMS/apps/dashboard/.next/server/chunks/395.js:1:11803)
    at new <anonymous> (/Users/jonathanbunel/DMS/apps/dashboard/.next/server/chunks/395.js:1:12229)
    at 3304 (/Users/jonathanbunel/DMS/apps/dashboard/.next/server/chunks/395.js:1:12191)
    at t (/Users/jonathanbunel/DMS/apps/dashboard/.next/server/webpack-runtime.js:1:128)
    at 7520 (/Users/jonathanbunel/DMS/apps/dashboard/.next/server/app/dashboard/analytics/page.js:1:2737)
    at Object.t [as require] (/Users/jonathanbunel/DMS/apps/dashboard/.next/server/webpack-runtime.js:1:128)
    at require (/Users/jonathanbunel/DMS/node_modules/next/dist/compiled/next-server/app-page.runtime.prod.js:16:18839)
    at i (/Users/jonathanbunel/DMS/node_modules/next/dist/compiled/next-server/app-page.runtime.prod.js:12:88296)
    at /Users/jonathanbunel/DMS/node_modules/next/dist/compiled/next-server/app-page.runtime.prod.js:12:98819
    at /Users/jonathanbunel/DMS/node_modules/next/dist/compiled/next-server/app-page.runtime.prod.js:12:98906
[2K[1G [37m[1m [22m[39m Generating static pages (10/22)  [36m[=   ][39mError: Missing Supabase environment variables
    at S (/Users/jonathanbunel/DMS/apps/dashboard/.next/server/chunks/395.js:1:11803)
    at new <anonymous> (/Users/jonathanbunel/DMS/apps/dashboard/.next/server/chunks/395.js:1:12229)
    at 3304 (/Users/jonathanbunel/DMS/apps/dashboard/.next/server/chunks/395.js:1:12191)
    at t (/Users/jonathanbunel/DMS/apps/dashboard/.next/server/webpack-runtime.js:1:128)
    at 7456 (/Users/jonathanbunel/DMS/apps/dashboard/.next/server/app/auth/signin/page.js:1:2563)
    at Object.t [as require] (/Users/jonathanbunel/DMS/apps/dashboard/.next/server/webpack-runtime.js:1:128)
    at require (/Users/jonathanbunel/DMS/node_modules/next/dist/compiled/next-server/app-page.runtime.prod.js:16:18839)
    at i (/Users/jonathanbunel/DMS/node_modules/next/dist/compiled/next-server/app-page.runtime.prod.js:12:88296)
    at /Users/jonathanbunel/DMS/node_modules/next/dist/compiled/next-server/app-page.runtime.prod.js:12:98819
    at /Users/jonathanbunel/DMS/node_modules/next/dist/compiled/next-server/app-page.runtime.prod.js:12:98906 {
  digest: '1979445910'
}
Error: Missing Supabase environment variables
    at S (/Users/jonathanbunel/DMS/apps/dashboard/.next/server/chunks/395.js:1:11803)
    at new <anonymous> (/Users/jonathanbunel/DMS/apps/dashboard/.next/server/chunks/395.js:1:12229)
    at 3304 (/Users/jonathanbunel/DMS/apps/dashboard/.next/server/chunks/395.js:1:12191)
    at t (/Users/jonathanbunel/DMS/apps/dashboard/.next/server/webpack-runtime.js:1:128)
    at 7520 (/Users/jonathanbunel/DMS/apps/dashboard/.next/server/app/dashboard/pages/page.js:1:2713)
    at Object.t [as require] (/Users/jonathanbunel/DMS/apps/dashboard/.next/server/webpack-runtime.js:1:128)
    at require (/Users/jonathanbunel/DMS/node_modules/next/dist/compiled/next-server/app-page.runtime.prod.js:16:18839)
    at i (/Users/jonathanbunel/DMS/node_modules/next/dist/compiled/next-server/app-page.runtime.prod.js:12:88296)
    at /Users/jonathanbunel/DMS/node_modules/next/dist/compiled/next-server/app-page.runtime.prod.js:12:98819
    at /Users/jonathanbunel/DMS/node_modules/next/dist/compiled/next-server/app-page.runtime.prod.js:12:98906 {
  digest: '1112985867'
}

Error occurred prerendering page "/dashboard/pages". Read more: https://nextjs.org/docs/messages/prerender-error

Error: Missing Supabase environment variables
    at S (/Users/jonathanbunel/DMS/apps/dashboard/.next/server/chunks/395.js:1:11803)
    at new <anonymous> (/Users/jonathanbunel/DMS/apps/dashboard/.next/server/chunks/395.js:1:12229)
    at 3304 (/Users/jonathanbunel/DMS/apps/dashboard/.next/server/chunks/395.js:1:12191)
    at t (/Users/jonathanbunel/DMS/apps/dashboard/.next/server/webpack-runtime.js:1:128)
    at 7520 (/Users/jonathanbunel/DMS/apps/dashboard/.next/server/app/dashboard/pages/page.js:1:2713)
    at Object.t [as require] (/Users/jonathanbunel/DMS/apps/dashboard/.next/server/webpack-runtime.js:1:128)
    at require (/Users/jonathanbunel/DMS/node_modules/next/dist/compiled/next-server/app-page.runtime.prod.js:16:18839)
    at i (/Users/jonathanbunel/DMS/node_modules/next/dist/compiled/next-server/app-page.runtime.prod.js:12:88296)
    at /Users/jonathanbunel/DMS/node_modules/next/dist/compiled/next-server/app-page.runtime.prod.js:12:98819
    at /Users/jonathanbunel/DMS/node_modules/next/dist/compiled/next-server/app-page.runtime.prod.js:12:98906
Error: Missing Supabase environment variables
    at S (/Users/jonathanbunel/DMS/apps/dashboard/.next/server/chunks/395.js:1:11803)
    at new <anonymous> (/Users/jonathanbunel/DMS/apps/dashboard/.next/server/chunks/395.js:1:12229)
    at 3304 (/Users/jonathanbunel/DMS/apps/dashboard/.next/server/chunks/395.js:1:12191)
    at t (/Users/jonathanbunel/DMS/apps/dashboard/.next/server/webpack-runtime.js:1:128)
    at 6376 (/Users/jonathanbunel/DMS/apps/dashboard/.next/server/app/auth/signup/page.js:1:2566)
    at Object.t [as require] (/Users/jonathanbunel/DMS/apps/dashboard/.next/server/webpack-runtime.js:1:128)
    at require (/Users/jonathanbunel/DMS/node_modules/next/dist/compiled/next-server/app-page.runtime.prod.js:16:18839)
    at i (/Users/jonathanbunel/DMS/node_modules/next/dist/compiled/next-server/app-page.runtime.prod.js:12:88296)
    at /Users/jonathanbunel/DMS/node_modules/next/dist/compiled/next-server/app-page.runtime.prod.js:12:98819
    at /Users/jonathanbunel/DMS/node_modules/next/dist/compiled/next-server/app-page.runtime.prod.js:12:98906 {
  digest: '3403846037'
}
Error: Missing Supabase environment variables
    at S (/Users/jonathanbunel/DMS/apps/dashboard/.next/server/chunks/395.js:1:11803)
    at new <anonymous> (/Users/jonathanbunel/DMS/apps/dashboard/.next/server/chunks/395.js:1:12229)
    at 3304 (/Users/jonathanbunel/DMS/apps/dashboard/.next/server/chunks/395.js:1:12191)
    at t (/Users/jonathanbunel/DMS/apps/dashboard/.next/server/webpack-runtime.js:1:128)
    at 2218 (/Users/jonathanbunel/DMS/apps/dashboard/.next/server/app/auth/reset-password/page.js:1:2622)
    at Object.t [as require] (/Users/jonathanbunel/DMS/apps/dashboard/.next/server/webpack-runtime.js:1:128)
    at require (/Users/jonathanbunel/DMS/node_modules/next/dist/compiled/next-server/app-page.runtime.prod.js:16:18839)
    at i (/Users/jonathanbunel/DMS/node_modules/next/dist/compiled/next-server/app-page.runtime.prod.js:12:88296)
    at /Users/jonathanbunel/DMS/node_modules/next/dist/compiled/next-server/app-page.runtime.prod.js:12:98819
    at /Users/jonathanbunel/DMS/node_modules/next/dist/compiled/next-server/app-page.runtime.prod.js:12:98906 {
  digest: '3427383210'
}
Error: Missing Supabase environment variables
    at S (/Users/jonathanbunel/DMS/apps/dashboard/.next/server/chunks/395.js:1:11803)
    at new <anonymous> (/Users/jonathanbunel/DMS/apps/dashboard/.next/server/chunks/395.js:1:12229)
    at 3304 (/Users/jonathanbunel/DMS/apps/dashboard/.next/server/chunks/395.js:1:12191)
    at t (/Users/jonathanbunel/DMS/apps/dashboard/.next/server/webpack-runtime.js:1:128)
    at 7520 (/Users/jonathanbunel/DMS/apps/dashboard/.next/server/app/dashboard/pages/page.js:1:2713)
    at Object.t [as require] (/Users/jonathanbunel/DMS/apps/dashboard/.next/server/webpack-runtime.js:1:128)
    at require (/Users/jonathanbunel/DMS/node_modules/next/dist/compiled/next-server/app-page.runtime.prod.js:16:18839)
    at i (/Users/jonathanbunel/DMS/node_modules/next/dist/compiled/next-server/app-page.runtime.prod.js:12:88296)
    at /Users/jonathanbunel/DMS/node_modules/next/dist/compiled/next-server/app-page.runtime.prod.js:12:98819
    at /Users/jonathanbunel/DMS/node_modules/next/dist/compiled/next-server/app-page.runtime.prod.js:12:98906 {
  digest: '1112985867'
}
Error: Missing Supabase environment variables
    at S (/Users/jonathanbunel/DMS/apps/dashboard/.next/server/chunks/395.js:1:11803)
    at new <anonymous> (/Users/jonathanbunel/DMS/apps/dashboard/.next/server/chunks/395.js:1:12229)
    at 3304 (/Users/jonathanbunel/DMS/apps/dashboard/.next/server/chunks/395.js:1:12191)
    at t (/Users/jonathanbunel/DMS/apps/dashboard/.next/server/webpack-runtime.js:1:128)
    at 7520 (/Users/jonathanbunel/DMS/apps/dashboard/.next/server/app/dashboard/domains/page.js:1:2725)
    at Object.t [as require] (/Users/jonathanbunel/DMS/apps/dashboard/.next/server/webpack-runtime.js:1:128)
    at require (/Users/jonathanbunel/DMS/node_modules/next/dist/compiled/next-server/app-page.runtime.prod.js:16:18839)
    at i (/Users/jonathanbunel/DMS/node_modules/next/dist/compiled/next-server/app-page.runtime.prod.js:12:88296)
    at /Users/jonathanbunel/DMS/node_modules/next/dist/compiled/next-server/app-page.runtime.prod.js:12:98819
    at /Users/jonathanbunel/DMS/node_modules/next/dist/compiled/next-server/app-page.runtime.prod.js:12:98906 {
  digest: '463443677'
}

Error occurred prerendering page "/auth/signin". Read more: https://nextjs.org/docs/messages/prerender-error

Error: Missing Supabase environment variables
    at S (/Users/jonathanbunel/DMS/apps/dashboard/.next/server/chunks/395.js:1:11803)
    at new <anonymous> (/Users/jonathanbunel/DMS/apps/dashboard/.next/server/chunks/395.js:1:12229)
    at 3304 (/Users/jonathanbunel/DMS/apps/dashboard/.next/server/chunks/395.js:1:12191)
    at t (/Users/jonathanbunel/DMS/apps/dashboard/.next/server/webpack-runtime.js:1:128)
    at 7456 (/Users/jonathanbunel/DMS/apps/dashboard/.next/server/app/auth/signin/page.js:1:2563)
    at Object.t [as require] (/Users/jonathanbunel/DMS/apps/dashboard/.next/server/webpack-runtime.js:1:128)
    at require (/Users/jonathanbunel/DMS/node_modules/next/dist/compiled/next-server/app-page.runtime.prod.js:16:18839)
    at i (/Users/jonathanbunel/DMS/node_modules/next/dist/compiled/next-server/app-page.runtime.prod.js:12:88296)
    at /Users/jonathanbunel/DMS/node_modules/next/dist/compiled/next-server/app-page.runtime.prod.js:12:98819
    at /Users/jonathanbunel/DMS/node_modules/next/dist/compiled/next-server/app-page.runtime.prod.js:12:98906

Error occurred prerendering page "/auth/reset-password". Read more: https://nextjs.org/docs/messages/prerender-error

Error: Missing Supabase environment variables
    at S (/Users/jonathanbunel/DMS/apps/dashboard/.next/server/chunks/395.js:1:11803)
    at new <anonymous> (/Users/jonathanbunel/DMS/apps/dashboard/.next/server/chunks/395.js:1:12229)
    at 3304 (/Users/jonathanbunel/DMS/apps/dashboard/.next/server/chunks/395.js:1:12191)
    at t (/Users/jonathanbunel/DMS/apps/dashboard/.next/server/webpack-runtime.js:1:128)
    at 2218 (/Users/jonathanbunel/DMS/apps/dashboard/.next/server/app/auth/reset-password/page.js:1:2622)
    at Object.t [as require] (/Users/jonathanbunel/DMS/apps/dashboard/.next/server/webpack-runtime.js:1:128)
    at require (/Users/jonathanbunel/DMS/node_modules/next/dist/compiled/next-server/app-page.runtime.prod.js:16:18839)
    at i (/Users/jonathanbunel/DMS/node_modules/next/dist/compiled/next-server/app-page.runtime.prod.js:12:88296)
    at /Users/jonathanbunel/DMS/node_modules/next/dist/compiled/next-server/app-page.runtime.prod.js:12:98819
    at /Users/jonathanbunel/DMS/node_modules/next/dist/compiled/next-server/app-page.runtime.prod.js:12:98906
Error: Missing Supabase environment variables
    at S (/Users/jonathanbunel/DMS/apps/dashboard/.next/server/chunks/395.js:1:11803)
    at new <anonymous> (/Users/jonathanbunel/DMS/apps/dashboard/.next/server/chunks/395.js:1:12229)
    at 3304 (/Users/jonathanbunel/DMS/apps/dashboard/.next/server/chunks/395.js:1:12191)
    at t (/Users/jonathanbunel/DMS/apps/dashboard/.next/server/webpack-runtime.js:1:128)
    at 6664 (/Users/jonathanbunel/DMS/apps/dashboard/.next/server/app/dashboard/page.js:1:4703)
    at Object.t [as require] (/Users/jonathanbunel/DMS/apps/dashboard/.next/server/webpack-runtime.js:1:128)
    at require (/Users/jonathanbunel/DMS/node_modules/next/dist/compiled/next-server/app-page.runtime.prod.js:16:18839)
    at i (/Users/jonathanbunel/DMS/node_modules/next/dist/compiled/next-server/app-page.runtime.prod.js:12:88296)
    at /Users/jonathanbunel/DMS/node_modules/next/dist/compiled/next-server/app-page.runtime.prod.js:12:98819
    at /Users/jonathanbunel/DMS/node_modules/next/dist/compiled/next-server/app-page.runtime.prod.js:12:98906 {
  digest: '801623489'
}

Error occurred prerendering page "/dashboard/domains". Read more: https://nextjs.org/docs/messages/prerender-error

Error: Missing Supabase environment variables
    at S (/Users/jonathanbunel/DMS/apps/dashboard/.next/server/chunks/395.js:1:11803)
    at new <anonymous> (/Users/jonathanbunel/DMS/apps/dashboard/.next/server/chunks/395.js:1:12229)
    at 3304 (/Users/jonathanbunel/DMS/apps/dashboard/.next/server/chunks/395.js:1:12191)
    at t (/Users/jonathanbunel/DMS/apps/dashboard/.next/server/webpack-runtime.js:1:128)
    at 7520 (/Users/jonathanbunel/DMS/apps/dashboard/.next/server/app/dashboard/domains/page.js:1:2725)
    at Object.t [as require] (/Users/jonathanbunel/DMS/apps/dashboard/.next/server/webpack-runtime.js:1:128)
    at require (/Users/jonathanbunel/DMS/node_modules/next/dist/compiled/next-server/app-page.runtime.prod.js:16:18839)
    at i (/Users/jonathanbunel/DMS/node_modules/next/dist/compiled/next-server/app-page.runtime.prod.js:12:88296)
    at /Users/jonathanbunel/DMS/node_modules/next/dist/compiled/next-server/app-page.runtime.prod.js:12:98819
    at /Users/jonathanbunel/DMS/node_modules/next/dist/compiled/next-server/app-page.runtime.prod.js:12:98906

Error occurred prerendering page "/auth/signup". Read more: https://nextjs.org/docs/messages/prerender-error

Error: Missing Supabase environment variables
    at S (/Users/jonathanbunel/DMS/apps/dashboard/.next/server/chunks/395.js:1:11803)
    at new <anonymous> (/Users/jonathanbunel/DMS/apps/dashboard/.next/server/chunks/395.js:1:12229)
    at 3304 (/Users/jonathanbunel/DMS/apps/dashboard/.next/server/chunks/395.js:1:12191)
    at t (/Users/jonathanbunel/DMS/apps/dashboard/.next/server/webpack-runtime.js:1:128)
    at 6376 (/Users/jonathanbunel/DMS/apps/dashboard/.next/server/app/auth/signup/page.js:1:2566)
    at Object.t [as require] (/Users/jonathanbunel/DMS/apps/dashboard/.next/server/webpack-runtime.js:1:128)
    at require (/Users/jonathanbunel/DMS/node_modules/next/dist/compiled/next-server/app-page.runtime.prod.js:16:18839)
    at i (/Users/jonathanbunel/DMS/node_modules/next/dist/compiled/next-server/app-page.runtime.prod.js:12:88296)
    at /Users/jonathanbunel/DMS/node_modules/next/dist/compiled/next-server/app-page.runtime.prod.js:12:98819
    at /Users/jonathanbunel/DMS/node_modules/next/dist/compiled/next-server/app-page.runtime.prod.js:12:98906

Error occurred prerendering page "/dashboard/billing". Read more: https://nextjs.org/docs/messages/prerender-error

Error: Missing Supabase environment variables
    at S (/Users/jonathanbunel/DMS/apps/dashboard/.next/server/chunks/395.js:1:11803)
    at new <anonymous> (/Users/jonathanbunel/DMS/apps/dashboard/.next/server/chunks/395.js:1:12229)
    at 3304 (/Users/jonathanbunel/DMS/apps/dashboard/.next/server/chunks/395.js:1:12191)
    at t (/Users/jonathanbunel/DMS/apps/dashboard/.next/server/webpack-runtime.js:1:128)
    at 7520 (/Users/jonathanbunel/DMS/apps/dashboard/.next/server/app/dashboard/pages/page.js:1:2713)
    at Object.t [as require] (/Users/jonathanbunel/DMS/apps/dashboard/.next/server/webpack-runtime.js:1:128)
    at require (/Users/jonathanbunel/DMS/node_modules/next/dist/compiled/next-server/app-page.runtime.prod.js:16:18839)
    at i (/Users/jonathanbunel/DMS/node_modules/next/dist/compiled/next-server/app-page.runtime.prod.js:12:88296)
    at /Users/jonathanbunel/DMS/node_modules/next/dist/compiled/next-server/app-page.runtime.prod.js:12:98819
    at /Users/jonathanbunel/DMS/node_modules/next/dist/compiled/next-server/app-page.runtime.prod.js:12:98906

Error occurred prerendering page "/dashboard". Read more: https://nextjs.org/docs/messages/prerender-error

Error: Missing Supabase environment variables
    at S (/Users/jonathanbunel/DMS/apps/dashboard/.next/server/chunks/395.js:1:11803)
    at new <anonymous> (/Users/jonathanbunel/DMS/apps/dashboard/.next/server/chunks/395.js:1:12229)
    at 3304 (/Users/jonathanbunel/DMS/apps/dashboard/.next/server/chunks/395.js:1:12191)
    at t (/Users/jonathanbunel/DMS/apps/dashboard/.next/server/webpack-runtime.js:1:128)
    at 6664 (/Users/jonathanbunel/DMS/apps/dashboard/.next/server/app/dashboard/page.js:1:4703)
    at Object.t [as require] (/Users/jonathanbunel/DMS/apps/dashboard/.next/server/webpack-runtime.js:1:128)
    at require (/Users/jonathanbunel/DMS/node_modules/next/dist/compiled/next-server/app-page.runtime.prod.js:16:18839)
    at i (/Users/jonathanbunel/DMS/node_modules/next/dist/compiled/next-server/app-page.runtime.prod.js:12:88296)
    at /Users/jonathanbunel/DMS/node_modules/next/dist/compiled/next-server/app-page.runtime.prod.js:12:98819
    at /Users/jonathanbunel/DMS/node_modules/next/dist/compiled/next-server/app-page.runtime.prod.js:12:98906
[2K[1G[?25h [32m[1m✓[22m[39m Generating static pages (22/22)

> Export encountered errors on following paths:
	/auth/reset-password/page: /auth/reset-password
	/auth/signin/page: /auth/signin
	/auth/signup/page: /auth/signup
	/dashboard/analytics/page: /dashboard/analytics
	/dashboard/billing/page: /dashboard/billing
	/dashboard/domains/page: /dashboard/domains
	/dashboard/page: /dashboard
	/dashboard/pages/page: /dashboard/pages
	/page: /
[?25h[1G[0K⠙[1G[0K[1mnpm[22m [31merror[39m Lifecycle script `build` failed with error:
[1G[0K⠙[1G[0K[1mnpm[22m [31merror[39m [94mcode[39m [33m1[39m
[1G[0K⠙[1G[0K[1mnpm[22m [31merror[39m [94mpath[39m /Users/jonathanbunel/DMS/apps/dashboard
[1G[0K⠙[1G[0K[1mnpm[22m [31merror[39m [94mworkspace[39m @naveeg/dashboard@1.0.0
[1G[0K⠙[1G[0K[1mnpm[22m [31merror[39m [94mlocation[39m /Users/jonathanbunel/DMS/apps/dashboard
[1G[0K⠙[1G[0K[1mnpm[22m [31merror[39m command failed
[1G[0K⠙[1G[0K[1mnpm[22m [31merror[39m [94mcommand[39m sh -c next build
[1G[0K⠙[1G[0K
