
> @naveeg/ui@1.0.0 build
> tsup

[1G[0K[34mCLI[39m Building entry: src/index.ts
[34mCLI[39m Using tsconfig: tsconfig.json
[34mCLI[39m tsup v7.2.0
[34mCLI[39m Using tsup config: /Users/jonathanbunel/DMS/packages/ui/tsup.config.ts
[34mCLI[39m Target: es2020
[34mCLI[39m Cleaning output folder
[34mCJS[39m Build start
[34mESM[39m Build start
[32mESM[39m [1mdist/index.mjs     [22m[32m166.98 KB[39m
[32mESM[39m [1mdist/index.mjs.map [22m[32m257.05 KB[39m
[32mESM[39m ⚡️ Build success in 49ms
[32mCJS[39m [1mdist/index.js     [22m[32m193.03 KB[39m
[32mCJS[39m [1mdist/index.js.map [22m[32m252.96 KB[39m
[32mCJS[39m ⚡️ Build success in 49ms
[34mDTS[39m Build start
[32mDTS[39m ⚡️ Build success in 2562ms
[32mDTS[39m [1mdist/index.d.ts  [22m[32m22.34 KB[39m
[32mDTS[39m [1mdist/index.d.mts [22m[32m22.34 KB[39m
[1G[0K⠙[1G[0K
