
> @naveeg/lib@1.0.0 build
> tsup

[1G[0K[34mCLI[39m Building entry: src/index.ts
[34mCLI[39m Using tsconfig: tsconfig.json
[34mCLI[39m tsup v7.2.0
[34mCLI[39m Using tsup config: /Users/jonathanbunel/DMS/packages/lib/tsup.config.ts
[34mCLI[39m Target: es2020
[34mCLI[39m Cleaning output folder
[34mCJS[39m Build start
[34mESM[39m Build start
[32mCJS[39m [1mdist/index.js     [22m[32m31.17 KB[39m
[32mCJS[39m [1mdist/index.js.map [22m[32m76.80 KB[39m
[32mCJS[39m ⚡️ Build success in 105ms
[32mESM[39m [1mdist/index.mjs     [22m[32m29.88 KB[39m
[32mESM[39m [1mdist/index.mjs.map [22m[32m76.34 KB[39m
[32mESM[39m ⚡️ Build success in 107ms
[34mDTS[39m Build start
[32mDTS[39m ⚡️ Build success in 1233ms
[32mDTS[39m [1mdist/index.d.ts  [22m[32m2.91 KB[39m
[32mDTS[39m [1mdist/index.d.mts [22m[32m2.91 KB[39m
[1G[0K⠙[1G[0K
